[debug] [2025-11-15T03:29:15.060Z] ----------------------------------------------------------------------
[debug] [2025-11-15T03:29:15.063Z] Command:       C:\Program Files\nodejs\node.exe C:\Users\Asha\AppData\Roaming\npm\node_modules\firebase-tools\lib\bin\firebase.js init hosting
[debug] [2025-11-15T03:29:15.063Z] CLI Version:   13.29.1
[debug] [2025-11-15T03:29:15.063Z] Platform:      win32
[debug] [2025-11-15T03:29:15.063Z] Node Version:  v18.19.0
[debug] [2025-11-15T03:29:15.064Z] Time:          Sat Nov 15 2025 08:59:15 GMT+0530 (India Standard Time)
[debug] [2025-11-15T03:29:15.064Z] ----------------------------------------------------------------------
[debug] 
[debug] [2025-11-15T03:29:15.067Z] >>> [apiv2][query] GET https://firebase-public.firebaseio.com/cli.json [none]
[debug] [2025-11-15T03:29:15.117Z] > command requires scopes: ["email","openid","https://www.googleapis.com/auth/cloudplatformprojects.readonly","https://www.googleapis.com/auth/firebase","https://www.googleapis.com/auth/cloud-platform"]
[debug] [2025-11-15T03:29:15.118Z] > authorizing via signed-in user (ashniwale248@gmail.com)
[info] 
     ######## #### ########  ######## ########     ###     ######  ########
     ##        ##  ##     ## ##       ##     ##  ##   ##  ##       ##
     ######    ##  ########  ######   ########  #########  ######  ######
     ##        ##  ##    ##  ##       ##     ## ##     ##       ## ##
     ##       #### ##     ## ######## ########  ##     ##  ######  ########

You're about to initialize a Firebase project in this directory:

  D:\Project\Hackthon\Ingredient_Scanner\frontend\flutter_web

[debug] [2025-11-15T03:29:17.815Z] <<< [apiv2][status] GET https://firebase-public.firebaseio.com/cli.json 200
[debug] [2025-11-15T03:29:17.816Z] <<< [apiv2][body] GET https://firebase-public.firebaseio.com/cli.json {"cloudBuildErrorAfter":1594252800000,"cloudBuildWarnAfter":1590019200000,"defaultNode10After":1594252800000,"minVersion":"3.0.5","node8DeploysDisabledAfter":1613390400000,"node8RuntimeDisabledAfter":1615809600000,"node8WarnAfter":1600128000000}
[info] 
=== Project Setup
[info] 
[info] First, let's associate this project directory with a Firebase project.
[info] You can create multiple project aliases by running firebase use --add, 
[info] but for now we'll just set up a default project.
[info] 
[debug] [2025-11-15T03:29:57.922Z] Checked if tokens are valid: false, expires at: 1714585880710
[debug] [2025-11-15T03:29:57.922Z] Checked if tokens are valid: false, expires at: 1714585880710
[debug] [2025-11-15T03:29:57.923Z] > refreshing access token with scopes: []
[debug] [2025-11-15T03:29:57.924Z] >>> [apiv2][query] POST https://www.googleapis.com/oauth2/v3/token [none]
[debug] [2025-11-15T03:29:57.924Z] >>> [apiv2][body] POST https://www.googleapis.com/oauth2/v3/token [omitted]
[debug] [2025-11-15T03:29:58.068Z] <<< [apiv2][status] POST https://www.googleapis.com/oauth2/v3/token 400
[debug] [2025-11-15T03:29:58.068Z] <<< [apiv2][body] POST https://www.googleapis.com/oauth2/v3/token [omitted]
[debug] [2025-11-15T03:29:58.069Z] >>> [apiv2][query] GET https://firebase.googleapis.com/v1beta1/projects pageSize=100
[debug] [2025-11-15T03:29:59.685Z] <<< [apiv2][status] GET https://firebase.googleapis.com/v1beta1/projects 401
[debug] [2025-11-15T03:29:59.686Z] <<< [apiv2][body] GET https://firebase.googleapis.com/v1beta1/projects [omitted]
[debug] [2025-11-15T03:29:59.686Z] Got a 401 Unauthenticated error for a call that required authentication. Refreshing tokens.
[debug] [2025-11-15T03:29:59.687Z] Checked if tokens are valid: false, expires at: 1714585880710
[debug] [2025-11-15T03:29:59.687Z] Checked if tokens are valid: false, expires at: 1714585880710
[debug] [2025-11-15T03:29:59.687Z] > refreshing access token with scopes: []
[debug] [2025-11-15T03:29:59.688Z] >>> [apiv2][query] POST https://www.googleapis.com/oauth2/v3/token [none]
[debug] [2025-11-15T03:29:59.688Z] >>> [apiv2][body] POST https://www.googleapis.com/oauth2/v3/token [omitted]
[debug] [2025-11-15T03:29:59.792Z] <<< [apiv2][status] POST https://www.googleapis.com/oauth2/v3/token 400
[debug] [2025-11-15T03:29:59.792Z] <<< [apiv2][body] POST https://www.googleapis.com/oauth2/v3/token [omitted]
[debug] [2025-11-15T03:29:59.793Z] Request to https://firebase.googleapis.com/v1beta1/projects?pageSize=100 had HTTP Error: 401, Request had invalid authentication credentials. Expected OAuth 2 access token, login cookie or other valid authentication credential. See https://developers.google.com/identity/sign-in/web/devconsole-project.
[debug] [2025-11-15T03:29:59.895Z] FirebaseError: Request to https://firebase.googleapis.com/v1beta1/projects?pageSize=100 had HTTP Error: 401, Request had invalid authentication credentials. Expected OAuth 2 access token, login cookie or other valid authentication credential. See https://developers.google.com/identity/sign-in/web/devconsole-project.
    at responseToError (C:\Users\Asha\AppData\Roaming\npm\node_modules\firebase-tools\lib\responseToError.js:52:12)
    at RetryOperation._fn (C:\Users\Asha\AppData\Roaming\npm\node_modules\firebase-tools\lib\apiv2.js:312:77)
    at process.processTicksAndRejections (node:internal/process/task_queues:95:5)
[error] 
[error] Error: Failed to list Firebase projects. See firebase-debug.log for more info.
